[templates.hibootstrap.com/maxon/default/index-3.html]
[templates.hibootstrap.com/maxon/default/assets/css/bootstrap.min.css]
[templates.hibootstrap.com/maxon/default/assets/css/animate.min.css]
[templates.hibootstrap.com/maxon/default/assets/css/meanmenu.css]
[templates.hibootstrap.com/maxon/default/assets/css/boxicons.min.css]
[templates.hibootstrap.com/maxon/default/assets/css/flaticon.css]
[templates.hibootstrap.com/maxon/default/assets/css/owl.carousel.min.css]
[templates.hibootstrap.com/maxon/default/assets/css/owl.theme.default.min.css]
[templates.hibootstrap.com/maxon/default/assets/css/odometer.min.css]
[templates.hibootstrap.com/maxon/default/assets/css/nice-select.min.css]
[templates.hibootstrap.com/maxon/default/assets/css/magnific-popup.min.css]
[templates.hibootstrap.com/maxon/default/assets/css/imagelightbox.min.css]
[templates.hibootstrap.com/maxon/default/assets/css/style.css]
[backblue.gif]
[fade.gif]
[index.html]
[templates.hibootstrap.com/maxon/default/assets/css/responsive.css]
[templates.hibootstrap.com/maxon/default/assets/img/favicon.png]
[templates.hibootstrap.com/maxon/default/assets/img/english.png]
[templates.hibootstrap.com/maxon/default/assets/img/arab.png]
[templates.hibootstrap.com/maxon/default/assets/img/germany.png]
[templates.hibootstrap.com/maxon/default/assets/img/portugal.png]
[templates.hibootstrap.com/maxon/default/assets/img/china.png]
[templates.hibootstrap.com/maxon/default/wishlist.html]
[templates.hibootstrap.com/maxon/default/cart.html]
[templates.hibootstrap.com/maxon/default/my-account.html]
[templates.hibootstrap.com/maxon/default/index.html]
[templates.hibootstrap.com/maxon/default/assets/img/logo.png]
[templates.hibootstrap.com/maxon/default/index-2.html]
[templates.hibootstrap.com/maxon/default/about.html]
[templates.hibootstrap.com/maxon/default/team.html]
[templates.hibootstrap.com/maxon/default/gallery.html]
[templates.hibootstrap.com/maxon/default/compare.html]
[templates.hibootstrap.com/maxon/default/order-tracking.html]
[templates.hibootstrap.com/maxon/default/faq.html]
[templates.hibootstrap.com/maxon/default/terms-of-service.html]
[templates.hibootstrap.com/maxon/default/privacy-policy.html]
[templates.hibootstrap.com/maxon/default/error-404.html]
[templates.hibootstrap.com/maxon/default/coming-soon.html]
[templates.hibootstrap.com/maxon/default/shop.html]
[templates.hibootstrap.com/maxon/default/checkout.html]
[templates.hibootstrap.com/maxon/default/products-details.html]
[templates.hibootstrap.com/maxon/default/blog.html]
[templates.hibootstrap.com/maxon/default/blog-right-sidebar.html]
[templates.hibootstrap.com/maxon/default/blog-details.html]
[templates.hibootstrap.com/maxon/default/contact.html]
[templates.hibootstrap.com/maxon/default/assets/img/products/products-1.jpg]
[templates.hibootstrap.com/maxon/default/assets/img/products/products-2.jpg]
[templates.hibootstrap.com/maxon/default/assets/img/products/products-3.jpg]
[templates.hibootstrap.com/maxon/default/assets/img/products/products-4.jpg]
[templates.hibootstrap.com/maxon/default/assets/img/products/products-5.jpg]
[templates.hibootstrap.com/maxon/default/assets/img/products/products-6.jpg]
[templates.hibootstrap.com/maxon/default/assets/img/partner/partner-1.png]
[templates.hibootstrap.com/maxon/default/assets/img/partner/partner-2.png]
[templates.hibootstrap.com/maxon/default/assets/img/partner/partner-3.png]
[templates.hibootstrap.com/maxon/default/assets/img/partner/partner-4.png]
[templates.hibootstrap.com/maxon/default/assets/img/top-products/top-products-1.jpg]
[templates.hibootstrap.com/maxon/default/assets/img/top-products/top-products-2.jpg]
[templates.hibootstrap.com/maxon/default/assets/img/top-products/top-products-3.jpg]
[templates.hibootstrap.com/maxon/default/assets/img/top-products/top-products-7.jpg]
[templates.hibootstrap.com/maxon/default/assets/img/top-products/top-products-8.jpg]
[templates.hibootstrap.com/maxon/default/assets/img/top-products/top-products-10.jpg]
[templates.hibootstrap.com/maxon/default/assets/img/client/client-1.jpg]
[templates.hibootstrap.com/maxon/default/assets/img/client/client-2.jpg]
[templates.hibootstrap.com/maxon/default/assets/img/client/client-3.jpg]
[templates.hibootstrap.com/maxon/default/assets/img/overview/overview-1.jpg]
[templates.hibootstrap.com/maxon/default/assets/img/overview/overview-2.jpg]
[templates.hibootstrap.com/maxon/default/assets/img/blog/blog-1.jpg]
[templates.hibootstrap.com/maxon/default/assets/img/blog/blog-2.jpg]
[templates.hibootstrap.com/maxon/default/assets/img/blog/blog-3.jpg]
[templates.hibootstrap.com/maxon/default/assets/img/logo-2.png]
[templates.hibootstrap.com/cdn-cgi/scripts/5c5dd728/cloudflare-static/email-decode.min.js]
[templates.hibootstrap.com/maxon/default/assets/js/jquery.min.js]
[templates.hibootstrap.com/maxon/default/assets/js/popper.min.js]
[templates.hibootstrap.com/maxon/default/assets/js/bootstrap.min.js]
[templates.hibootstrap.com/maxon/default/assets/js/jquery.meanmenu.js]
[templates.hibootstrap.com/maxon/default/assets/js/owl.carousel.min.js]
[templates.hibootstrap.com/maxon/default/assets/js/jquery.magnific-popup.min.js]
[templates.hibootstrap.com/maxon/default/assets/js/imagelightbox.min.js]
[templates.hibootstrap.com/maxon/default/assets/js/odometer.min.js]
[templates.hibootstrap.com/maxon/default/assets/js/jquery.nice-select.min.js]
[templates.hibootstrap.com/maxon/default/assets/js/jquery.appear.min.js]
[templates.hibootstrap.com/maxon/default/assets/js/jquery.ajaxchimp.min.js]
[templates.hibootstrap.com/maxon/default/assets/js/form-validator.min.js]
[templates.hibootstrap.com/maxon/default/assets/js/contact-form-script.js]
[templates.hibootstrap.com/maxon/default/assets/js/wow.min.js]
[templates.hibootstrap.com/maxon/default/index-3.html]
[templates.hibootstrap.com/maxon/default/assets/css/bootstrap.min.css]
[templates.hibootstrap.com/maxon/default/assets/css/animate.min.css]
[templates.hibootstrap.com/maxon/default/assets/css/meanmenu.css]
[templates.hibootstrap.com/maxon/default/assets/js/main.js]
[templates.hibootstrap.com/maxon/default/assets/fonts/boxicons.eot]
[templates.hibootstrap.com/maxon/default/assets/fonts/boxicons.woff2]
[templates.hibootstrap.com/maxon/default/assets/fonts/boxicons.woff]
[templates.hibootstrap.com/maxon/default/assets/fonts/boxicons.ttf]
[templates.hibootstrap.com/maxon/default/assets/css/boxicons.min.css]
[templates.hibootstrap.com/maxon/default/assets/fonts/Flaticon.eot]
[templates.hibootstrap.com/maxon/default/assets/fonts/boxiconsd41d.svg]
[templates.hibootstrap.com/maxon/default/assets/fonts/Flaticond41d.eot]
[templates.hibootstrap.com/maxon/default/assets/fonts/Flaticon.woff2]
[templates.hibootstrap.com/maxon/default/assets/fonts/Flaticon.woff]
[templates.hibootstrap.com/maxon/default/assets/fonts/Flaticon.ttf]
[templates.hibootstrap.com/maxon/default/assets/css/flaticon.css]
[templates.hibootstrap.com/maxon/default/assets/fonts/Flaticon.svg]
[templates.hibootstrap.com/maxon/default/assets/css/owl.video.play.png]
[templates.hibootstrap.com/maxon/default/assets/css/owl.carousel.min.css]
[templates.hibootstrap.com/maxon/default/assets/css/owl.theme.default.min.css]
[templates.hibootstrap.com/maxon/default/assets/css/odometer.min.css]
[templates.hibootstrap.com/maxon/default/assets/css/nice-select.min.css]
[templates.hibootstrap.com/maxon/default/assets/css/magnific-popup.min.css]
[templates.hibootstrap.com/maxon/default/assets/css/imagelightbox.min.css]
[templates.hibootstrap.com/maxon/default/assets/img/main-slider/slider-bg-1.jpg]
[templates.hibootstrap.com/maxon/default/assets/img/main-slider/slider-bg-2.jpg]
[templates.hibootstrap.com/maxon/default/assets/img/main-slider/slider-bg-3.jpg]
[templates.hibootstrap.com/maxon/default/assets/img/main-slider/slider-bg-4.jpg]
[templates.hibootstrap.com/maxon/default/assets/img/main-slider/slider-bg-5.jpg]
[templates.hibootstrap.com/maxon/default/assets/img/main-slider/slider-bg-6.jpg]
[templates.hibootstrap.com/maxon/default/assets/img/main-banner1.jpg]
[templates.hibootstrap.com/maxon/default/assets/img/main-banner2.jpg]
[templates.hibootstrap.com/maxon/default/assets/img/main-banner3.jpg]
[templates.hibootstrap.com/maxon/default/assets/img/coming-soon-bg.jpg]
[templates.hibootstrap.com/maxon/default/assets/img/coming-soon-bg-2.jpg]
[templates.hibootstrap.com/maxon/default/assets/img/newsletter/newsletter-bg.jpg]
[templates.hibootstrap.com/maxon/default/assets/img/newsletter/newsletter-bg-2.jpg]
[templates.hibootstrap.com/maxon/default/assets/img/trending-products/trending-products-1.jpg]
[templates.hibootstrap.com/maxon/default/assets/img/testimonials-bg.jpg]
[templates.hibootstrap.com/maxon/default/assets/img/page-banner/page-banner-1.jpg]
[templates.hibootstrap.com/maxon/default/assets/img/page-banner/page-banner-2.jpg]
[templates.hibootstrap.com/maxon/default/assets/img/page-banner/page-banner-3.jpg]
[templates.hibootstrap.com/maxon/default/assets/img/page-banner/page-banner-4.jpg]
[templates.hibootstrap.com/maxon/default/assets/img/page-banner/page-banner-5.jpg]
[templates.hibootstrap.com/maxon/default/assets/img/story.jpg]
[templates.hibootstrap.com/maxon/default/assets/img/mission.jpg]
[templates.hibootstrap.com/maxon/default/assets/img/vision.jpg]
[templates.hibootstrap.com/maxon/default/assets/img/fun-facts-bg.jpg]
[templates.hibootstrap.com/maxon/default/assets/img/footer-bg.jpg]
[templates.hibootstrap.com/maxon/default/assets/img/footer-post/footer-post-1.jpg]
[templates.hibootstrap.com/maxon/default/assets/img/footer-post/footer-post-2.jpg]
[templates.hibootstrap.com/maxon/default/assets/css/style.css]
[templates.hibootstrap.com/maxon/default/assets/css/responsive.css]
[templates.hibootstrap.com/maxon/default/wishlist.html]
[templates.hibootstrap.com/maxon/default/cart.html]
[templates.hibootstrap.com/maxon/default/my-account.html]
[templates.hibootstrap.com/maxon/default/assets/img/products/products-7.jpg]
[templates.hibootstrap.com/maxon/default/assets/img/products/products-8.jpg]
[templates.hibootstrap.com/maxon/default/assets/img/top-products/top-products-4.jpg]
[templates.hibootstrap.com/maxon/default/assets/img/categories/categories-1.jpg]
[templates.hibootstrap.com/maxon/default/assets/img/categories/categories-2.jpg]
[templates.hibootstrap.com/maxon/default/assets/img/categories/categories-3.jpg]
[templates.hibootstrap.com/maxon/default/assets/img/categories/categories-4.jpg]
[templates.hibootstrap.com/maxon/default/assets/img/categories/categories-5.jpg]
[templates.hibootstrap.com/maxon/default/assets/img/newsletter/newsletter.png]
[templates.hibootstrap.com/maxon/default/assets/img/trending-products/trending-products-2.jpg]
[templates.hibootstrap.com/maxon/default/assets/img/trending-products/trending-products-3.jpg]
[templates.hibootstrap.com/maxon/default/assets/img/trending-products/trending-products-4.jpg]
[templates.hibootstrap.com/maxon/default/assets/img/trending-products/trending-products-5.jpg]
[templates.hibootstrap.com/maxon/default/index.html]
[templates.hibootstrap.com/maxon/default/assets/img/main-slider/slider-offer-1.jpg]
[templates.hibootstrap.com/maxon/default/assets/img/main-slider/slider-offer-2.jpg]
[templates.hibootstrap.com/maxon/default/assets/img/products/products-overview-1.jpg]
[templates.hibootstrap.com/maxon/default/assets/img/products/products-overview-2.jpg]
[templates.hibootstrap.com/maxon/default/assets/img/top-products/top-products-5.jpg]
[templates.hibootstrap.com/maxon/default/assets/img/top-products/top-products-6.jpg]
[templates.hibootstrap.com/maxon/default/assets/img/trending-products/trending-products-6.jpg]
[templates.hibootstrap.com/maxon/default/assets/img/trending-products/trending-products-7.jpg]
[templates.hibootstrap.com/maxon/default/assets/img/trending-products/trending-products-8.jpg]
[templates.hibootstrap.com/maxon/default/assets/img/trending-products/trending-products-9.jpg]
[templates.hibootstrap.com/maxon/default/index-2.html]
[templates.hibootstrap.com/maxon/default/assets/img/team/team-1.jpg]
[templates.hibootstrap.com/maxon/default/assets/img/team/team-2.jpg]
[templates.hibootstrap.com/maxon/default/assets/img/team/team-3.jpg]
[templates.hibootstrap.com/maxon/default/about.html]
[templates.hibootstrap.com/maxon/default/assets/img/team/team-4.jpg]
[templates.hibootstrap.com/maxon/default/assets/img/team/team-5.jpg]
[templates.hibootstrap.com/maxon/default/assets/img/team/team-6.jpg]
[templates.hibootstrap.com/maxon/default/team.html]
[templates.hibootstrap.com/maxon/default/assets/img/gallery/gallery-1.jpg]
[templates.hibootstrap.com/maxon/default/assets/img/gallery/gallery-2.jpg]
[templates.hibootstrap.com/maxon/default/assets/img/gallery/gallery-3.jpg]
[templates.hibootstrap.com/maxon/default/assets/img/gallery/gallery-4.jpg]
[templates.hibootstrap.com/maxon/default/assets/img/gallery/gallery-5.jpg]
[templates.hibootstrap.com/maxon/default/assets/img/gallery/gallery-6.jpg]
[templates.hibootstrap.com/maxon/default/gallery.html]
[templates.hibootstrap.com/maxon/default/compare.html]
[templates.hibootstrap.com/maxon/default/order-tracking.html]
[templates.hibootstrap.com/maxon/default/faq.html]
[templates.hibootstrap.com/maxon/default/terms-of-service.html]
[templates.hibootstrap.com/maxon/default/privacy-policy.html]
[templates.hibootstrap.com/maxon/default/assets/img/404.png]
[templates.hibootstrap.com/maxon/default/error-404.html]
[templates.hibootstrap.com/maxon/default/coming-soon.html]
[templates.hibootstrap.com/maxon/default/assets/img/shop/shop-1.png]
[templates.hibootstrap.com/maxon/default/assets/img/shop/shop-2.png]
[templates.hibootstrap.com/maxon/default/assets/img/shop/shop-3.png]
[templates.hibootstrap.com/maxon/default/assets/img/shop/shop-4.png]
[templates.hibootstrap.com/maxon/default/assets/img/shop/shop-5.png]
[templates.hibootstrap.com/maxon/default/assets/img/shop/shop-6.png]
[templates.hibootstrap.com/maxon/default/assets/img/shop/shop-7.png]
[templates.hibootstrap.com/maxon/default/assets/img/shop/shop-8.png]
[templates.hibootstrap.com/maxon/default/assets/img/shop/shop-9.png]
[templates.hibootstrap.com/maxon/default/shop.html]
[templates.hibootstrap.com/maxon/default/checkout.html]
[templates.hibootstrap.com/maxon/default/products-details.html]
[templates.hibootstrap.com/maxon/default/assets/img/blog/blog-4.jpg]
[templates.hibootstrap.com/maxon/default/assets/img/blog/blog-5.jpg]
[templates.hibootstrap.com/maxon/default/assets/img/blog/blog-6.jpg]
[templates.hibootstrap.com/maxon/default/blog.html]
[templates.hibootstrap.com/maxon/default/blog-right-sidebar.html]
[templates.hibootstrap.com/maxon/default/assets/img/blog-details-1.jpg]
[templates.hibootstrap.com/maxon/default/assets/img/blog-details-2.jpg]
[templates.hibootstrap.com/maxon/default/blog-details.html]
[templates.hibootstrap.com/maxon/default/contact.html]
[templates.hibootstrap.com/maxon/default/assets/fonts/boxiconsd41d.svg]
[templates.hibootstrap.com/maxon/default/assets/fonts/Flaticon.svg]
[templates.hibootstrap.com/maxon/default/assets/css/owl.video.play.html]
